\BOOKMARK [0][-]{dummy.1}{\376\377\000A\000b\000s\000t\000r\000a\000c\000t}{}% 1
\BOOKMARK [0][-]{dummy.2}{\376\377\000A\000c\000k\000n\000o\000w\000l\000e\000d\000g\000e\000m\000e\000n\000t\000s}{}% 2
\BOOKMARK [0][-]{chapter.4}{\376\377\0001\000\040\000I\000n\000t\000r\000o\000d\000u\000c\000t\000i\000o\000n}{}% 3
\BOOKMARK [1][-]{section.5}{\376\377\0001\000.\0001\000\040\000M\000o\000t\000i\000v\000a\000t\000i\000o\000n}{chapter.4}% 4
\BOOKMARK [0][-]{chapter.6}{\376\377\0002\000\040\000T\000h\000e\000\040\000t\000h\000r\000e\000e\000\040\000b\000o\000d\000y\000\040\000p\000r\000o\000b\000l\000e\000m\000\040\000i\000n\000\040\000t\000h\000e\000\040\000p\000l\000a\000n\000e}{}% 5
\BOOKMARK [1][-]{section.7}{\376\377\0002\000.\0001\000\040\000T\000h\000e\000\040\000d\000e\000f\000i\000n\000i\000t\000i\000o\000n\000\040\000o\000f\000\040\000t\000h\000e\000\040\000p\000r\000o\000b\000l\000e\000m}{chapter.6}% 6
\BOOKMARK [1][-]{section.10}{\376\377\0002\000.\0002\000\040\000T\000h\000e\000\040\000c\000a\000n\000o\000n\000i\000c\000a\000l\000\040\000t\000r\000a\000n\000s\000f\000o\000r\000m\000a\000t\000i\000o\000n\000\040\000o\000f\000\040\000t\000h\000e\000\040\000g\000u\000i\000d\000i\000n\000g\000\040\000c\000e\000n\000t\000r\000e\000s}{chapter.6}% 7
\BOOKMARK [1][-]{section.17}{\376\377\0002\000.\0003\000\040\000I\000n\000t\000e\000g\000r\000a\000b\000i\000l\000i\000t\000y\000\040\000o\000f\000\040\000t\000h\000e\000\040\000s\000y\000s\000t\000e\000m}{chapter.6}% 8
\BOOKMARK [1][-]{section.23}{\376\377\0002\000.\0004\000\040\000T\000h\000e\000\040\000s\000p\000i\000n\000o\000r\000i\000a\000l\000\040\000r\000e\000p\000r\000e\000s\000e\000n\000t\000a\000t\000i\000o\000n\000\040\000a\000n\000d\000\040\000t\000h\000e\000\040\000B\000l\000o\000c\000h\000\040\000s\000p\000h\000e\000r\000e\000\040\000m\000a\000p\000p\000i\000n\000g}{chapter.6}% 9
\BOOKMARK [1][-]{section.31}{\376\377\0002\000.\0005\000\040\000A\000n\000a\000l\000y\000s\000i\000s\000\040\000o\000f\000\040\000t\000h\000e\000\040\000m\000o\000t\000i\000o\000n}{chapter.6}% 10
\BOOKMARK [0][-]{chapter.35}{\376\377\0003\000\040\000Q\000u\000a\000n\000t\000u\000m\000\040\000a\000n\000a\000l\000y\000s\000i\000s\000\040\000o\000f\000\040\000t\000h\000e\000\040\000t\000h\000r\000e\000e\000\040\000b\000o\000d\000y\000\040\000p\000r\000o\000b\000l\000e\000m\000\040\000i\000n\000\040\000t\000h\000e\000\040\000p\000l\000a\000n\000e}{}% 11
\BOOKMARK [1][-]{section.36}{\376\377\0003\000.\0001\000\040\000T\000h\000e\000\040\000q\000u\000a\000n\000t\000u\000m\000\040\000r\000e\000d\000u\000c\000t\000i\000o\000n\000\040\000o\000f\000\040\000t\000h\000e\000\040\000p\000r\000o\000b\000l\000e\000m}{chapter.35}% 12
\BOOKMARK [1][-]{section.37}{\376\377\0003\000.\0002\000\040\000T\000h\000e\000\040\000s\000p\000i\000n\000o\000r\000i\000a\000l\000\040\000t\000r\000a\000n\000s\000f\000o\000r\000m\000a\000t\000i\000o\000n}{chapter.35}% 13
\BOOKMARK [1][-]{section.38}{\376\377\0003\000.\0003\000\040\000T\000h\000e\000\040\000S\000c\000h\000w\000i\000n\000g\000e\000r\000\040\000o\000s\000c\000i\000l\000l\000a\000t\000o\000r\000\040\000a\000n\000d\000\040\000t\000h\000e\000\040\000a\000n\000g\000u\000l\000a\000r\000\040\000m\000o\000m\000e\000n\000t\000u\000m\000\040\000r\000e\000p\000r\000e\000s\000e\000n\000t\000a\000t\000i\000o\000n}{chapter.35}% 14
\BOOKMARK [1][-]{section.40}{\376\377\0003\000.\0004\000\040\000Q\000u\000a\000n\000t\000u\000m\000\040\000d\000i\000a\000g\000o\000n\000a\000l\000i\000z\000a\000t\000i\000o\000n\000\040\000o\000f\000\040\000t\000h\000e\000\040\000H\000a\000m\000i\000l\000t\000o\000n\000i\000a\000n}{chapter.35}% 15
\BOOKMARK [0][-]{chapter.41}{\376\377\0004\000\040\000T\000h\000e\000\040\000p\000r\000o\000b\000l\000e\000m\000\040\000o\000f\000\040\000a\000\040\000c\000h\000a\000r\000g\000e\000d\000\040\000p\000a\000r\000t\000i\000c\000l\000e\000\040\000i\000n\000\040\000t\000h\000e\000\040\000m\000a\000g\000n\000e\000t\000i\000c\000\040\000f\000i\000e\000l\000d\000\040\000o\000f\000\040\000a\000\040\000m\000o\000n\000o\000p\000o\000l\000e}{}% 16
\BOOKMARK [1][-]{section.42}{\376\377\0004\000.\0001\000\040\000D\000e\000f\000i\000n\000i\000t\000i\000o\000n\000\040\000o\000f\000\040\000t\000h\000e\000\040\000L\000a\000g\000r\000a\000n\000g\000i\000a\000n}{chapter.41}% 17
\BOOKMARK [1][-]{section.45}{\376\377\0004\000.\0002\000\040\000T\000h\000e\000\040\000s\000y\000m\000m\000e\000t\000r\000i\000e\000s\000\040\000a\000n\000d\000\040\000i\000t\000s\000\040\000c\000o\000n\000s\000e\000r\000v\000e\000d\000\040\000q\000u\000a\000n\000t\000i\000t\000i\000e\000s}{chapter.41}% 18
\BOOKMARK [1][-]{section.52}{\376\377\0004\000.\0003\000\040\000I\000m\000p\000o\000r\000t\000a\000n\000t\000\040\000q\000u\000a\000n\000t\000i\000t\000i\000e\000s\000\040\000i\000n\000\040\000t\000h\000e\000\040\000H\000a\000m\000i\000l\000t\000o\000n\000i\000a\000n\000\040\000f\000o\000r\000m\000a\000l\000i\000s\000m}{chapter.41}% 19
\BOOKMARK [0][-]{chapter.55}{\376\377\0005\000\040\000T\000h\000e\000\040\000t\000h\000r\000e\000e\000\040\000b\000o\000d\000y\000\040\000p\000r\000o\000b\000l\000e\000m\000\040\000i\000n\000\040\000t\000h\000e\000\040\000s\000p\000h\000e\000r\000e}{}% 20
\BOOKMARK [1][-]{section.56}{\376\377\0005\000.\0001\000\040\000D\000e\000f\000i\000n\000i\000t\000i\000o\000n\000\040\000o\000f\000\040\000t\000h\000e\000\040\000p\000r\000o\000b\000l\000e\000m}{chapter.55}% 21
\BOOKMARK [1][-]{section.58}{\376\377\0005\000.\0002\000\040\000T\000h\000e\000\040\000a\000n\000a\000l\000o\000g\000o\000u\000s\000\040\000c\000a\000n\000o\000n\000i\000c\000a\000l\000\040\000t\000r\000a\000n\000s\000f\000o\000r\000m\000a\000t\000i\000o\000n\000\040\000o\000f\000\040\000t\000h\000e\000\040\000g\000u\000i\000d\000i\000n\000g\000\040\000c\000e\000n\000t\000r\000e\000s}{chapter.55}% 22
\BOOKMARK [1][-]{section.60}{\376\377\0005\000.\0003\000\040\000T\000h\000e\000\040\000p\000r\000o\000b\000l\000e\000m\000\040\000i\000n\000\040\000s\000p\000h\000e\000r\000i\000c\000a\000l\000\040\000c\000o\000o\000r\000d\000i\000n\000a\000t\000e\000s}{chapter.55}% 23
\BOOKMARK [1][-]{section.63}{\376\377\0005\000.\0004\000\040\000T\000h\000e\000\040\000s\000t\000e\000r\000e\000o\000g\000r\000a\000p\000h\000i\000c\000\040\000p\000r\000o\000j\000e\000c\000t\000i\000o\000n}{chapter.55}% 24
\BOOKMARK [0][-]{chapter.65}{\376\377\0006\000\040\000C\000o\000n\000c\000l\000u\000s\000i\000o\000n\000s}{}% 25
\BOOKMARK [0][-]{dummy.66}{\376\377\000B\000i\000b\000l\000i\000o\000g\000r\000a\000p\000h\000y}{}% 26
